Error time: 22.02.2022 09:00:01, i = 1, Error msg: OpenQA.Selenium.NoSuchElementException: no such element: Unable to locate element: {"method":"css selector","selector":"button[class="sc-btn fake-link sc-order-address-change"]"}
  (Session info: chrome=98.0.4758.102)
   at OpenQA.Selenium.WebDriver.UnpackAndThrowOnError(Response errorResponse)
   at OpenQA.Selenium.WebDriver.Execute(String driverCommandToExecute, Dictionary`2 parameters)
   at OpenQA.Selenium.WebDriver.FindElement(String mechanism, String value)
   at OpenQA.Selenium.By.<.ctor>b__11_0(ISearchContext context)
   at OpenQA.Selenium.By.FindElement(ISearchContext context)
   at OpenQA.Selenium.WebDriver.FindElement(By by)
   at MainClass.Main(String[] args) in C:\Users\Administrator\source\repos\JSF\MainClass.cs:line 68
Error time: 23.02.2022 01:40:28, i = 1/2, Error msg: OpenQA.Selenium.NoSuchElementException: no such element: Unable to locate element: {"method":"css selector","selector":"a[class="sc-simple-header-icon"]"}
  (Session info: chrome=98.0.4758.102)
   at OpenQA.Selenium.WebDriver.UnpackAndThrowOnError(Response errorResponse)
   at OpenQA.Selenium.WebDriver.Execute(String driverCommandToExecute, Dictionary`2 parameters)
   at OpenQA.Selenium.WebDriver.FindElement(String mechanism, String value)
   at OpenQA.Selenium.By.<.ctor>b__11_0(ISearchContext context)
   at OpenQA.Selenium.By.FindElement(ISearchContext context)
   at OpenQA.Selenium.WebDriver.FindElement(By by)
   at MainClass.Main(String[] args)
Error time: 23.02.2022 01:41:25, i = 1/2, Error msg: OpenQA.Selenium.NoSuchElementException: no such element: Unable to locate element: {"method":"css selector","selector":"a[class="sc-simple-header-icon"]"}
  (Session info: chrome=98.0.4758.102)
   at OpenQA.Selenium.WebDriver.UnpackAndThrowOnError(Response errorResponse)
   at OpenQA.Selenium.WebDriver.Execute(String driverCommandToExecute, Dictionary`2 parameters)
   at OpenQA.Selenium.WebDriver.FindElement(String mechanism, String value)
   at OpenQA.Selenium.By.<.ctor>b__11_0(ISearchContext context)
   at OpenQA.Selenium.By.FindElement(ISearchContext context)
   at OpenQA.Selenium.WebDriver.FindElement(By by)
   at MainClass.Main(String[] args)
Error time: 27.02.2022 21:54:43, i = 2/3, Error msg: OpenQA.Selenium.StaleElementReferenceException: stale element reference: element is not attached to the page document
  (Session info: chrome=98.0.4758.102)
   at OpenQA.Selenium.WebDriver.UnpackAndThrowOnError(Response errorResponse)
   at OpenQA.Selenium.WebDriver.Execute(String driverCommandToExecute, Dictionary`2 parameters)
   at OpenQA.Selenium.WebDriver.InternalExecute(String driverCommandToExecute, Dictionary`2 parameters)
   at OpenQA.Selenium.WebElement.Execute(String commandToExecute, Dictionary`2 parameters)
   at OpenQA.Selenium.WebElement.Click()
   at MainClass.Main(String[] args)
Error time: 01.03.2022 02:18:35, i = 3/9, Error msg: OpenQA.Selenium.NoSuchElementException: no such element: Unable to locate element: {"method":"css selector","selector":"button[class="sc-btn sc-btn-primary sc-btn-block sc-pc-action-button sc-pc-add-to-cart"]"}
  (Session info: chrome=98.0.4758.102)
   at OpenQA.Selenium.WebDriver.UnpackAndThrowOnError(Response errorResponse)
   at OpenQA.Selenium.WebDriver.Execute(String driverCommandToExecute, Dictionary`2 parameters)
   at OpenQA.Selenium.WebDriver.FindElement(String mechanism, String value)
   at OpenQA.Selenium.By.<.ctor>b__11_0(ISearchContext context)
   at OpenQA.Selenium.By.FindElement(ISearchContext context)
   at OpenQA.Selenium.WebDriver.FindElement(By by)
   at MainClass.Main(String[] args) in C:\Users\Administrator\source\repos\JSF\MainClass.cs:line 90
Error time: 01.03.2022 02:21:15, i = 4/9, Error msg: OpenQA.Selenium.NoSuchElementException: no such element: Unable to locate element: {"method":"css selector","selector":"button[class="sc-btn fake-link sc-order-address-change"]"}
  (Session info: chrome=98.0.4758.102)
   at OpenQA.Selenium.WebDriver.UnpackAndThrowOnError(Response errorResponse)
   at OpenQA.Selenium.WebDriver.Execute(String driverCommandToExecute, Dictionary`2 parameters)
   at OpenQA.Selenium.WebDriver.FindElement(String mechanism, String value)
   at OpenQA.Selenium.By.<.ctor>b__11_0(ISearchContext context)
   at OpenQA.Selenium.By.FindElement(ISearchContext context)
   at OpenQA.Selenium.WebDriver.FindElement(By by)
   at MainClass.Main(String[] args) in C:\Users\Administrator\source\repos\JSF\MainClass.cs:line 114
